<?xml version="1.0" encoding="UTF-8"?>
<testsuite name="dev.buckybackend.BuckyBackendApplicationTests" tests="1" skipped="0" failures="0" errors="0" timestamp="2021-05-21T14:12:37" hostname="harvyui-Macmini.local" time="0.299">
  <properties/>
  <testcase name="contextLoads()" classname="dev.buckybackend.BuckyBackendApplicationTests" time="0.299"/>
  <system-out><![CDATA[23:12:34.079 [Test worker] DEBUG org.springframework.test.context.BootstrapUtils - Instantiating CacheAwareContextLoaderDelegate from class [org.springframework.test.context.cache.DefaultCacheAwareContextLoaderDelegate]
23:12:34.091 [Test worker] DEBUG org.springframework.test.context.BootstrapUtils - Instantiating BootstrapContext using constructor [public org.springframework.test.context.support.DefaultBootstrapContext(java.lang.Class,org.springframework.test.context.CacheAwareContextLoaderDelegate)]
23:12:34.140 [Test worker] DEBUG org.springframework.test.context.BootstrapUtils - Instantiating TestContextBootstrapper for test class [dev.buckybackend.BuckyBackendApplicationTests] from class [org.springframework.boot.test.context.SpringBootTestContextBootstrapper]
23:12:34.156 [Test worker] INFO org.springframework.boot.test.context.SpringBootTestContextBootstrapper - Neither @ContextConfiguration nor @ContextHierarchy found for test class [dev.buckybackend.BuckyBackendApplicationTests], using SpringBootContextLoader
23:12:34.161 [Test worker] DEBUG org.springframework.test.context.support.AbstractContextLoader - Did not detect default resource location for test class [dev.buckybackend.BuckyBackendApplicationTests]: class path resource [dev/buckybackend/BuckyBackendApplicationTests-context.xml] does not exist
23:12:34.161 [Test worker] DEBUG org.springframework.test.context.support.AbstractContextLoader - Did not detect default resource location for test class [dev.buckybackend.BuckyBackendApplicationTests]: class path resource [dev/buckybackend/BuckyBackendApplicationTestsContext.groovy] does not exist
23:12:34.161 [Test worker] INFO org.springframework.test.context.support.AbstractContextLoader - Could not detect default resource locations for test class [dev.buckybackend.BuckyBackendApplicationTests]: no resource found for suffixes {-context.xml, Context.groovy}.
23:12:34.162 [Test worker] INFO org.springframework.test.context.support.AnnotationConfigContextLoaderUtils - Could not detect default configuration classes for test class [dev.buckybackend.BuckyBackendApplicationTests]: BuckyBackendApplicationTests does not declare any static, non-private, non-final, nested classes annotated with @Configuration.
23:12:34.211 [Test worker] DEBUG org.springframework.test.context.support.ActiveProfilesUtils - Could not find an 'annotation declaring class' for annotation type [org.springframework.test.context.ActiveProfiles] and class [dev.buckybackend.BuckyBackendApplicationTests]
23:12:34.371 [Test worker] DEBUG org.springframework.context.annotation.ClassPathScanningCandidateComponentProvider - Identified candidate component class: file [/Users/harvy/Desktop/ex/build/classes/java/main/dev/buckybackend/BuckyBackendApplication.class]
23:12:34.373 [Test worker] INFO org.springframework.boot.test.context.SpringBootTestContextBootstrapper - Found @SpringBootConfiguration dev.buckybackend.BuckyBackendApplication for test class dev.buckybackend.BuckyBackendApplicationTests
23:12:34.461 [Test worker] DEBUG org.springframework.boot.test.context.SpringBootTestContextBootstrapper - @TestExecutionListeners is not present for class [dev.buckybackend.BuckyBackendApplicationTests]: using defaults.
23:12:34.462 [Test worker] INFO org.springframework.boot.test.context.SpringBootTestContextBootstrapper - Loaded default TestExecutionListener class names from location [META-INF/spring.factories]: [org.springframework.boot.test.autoconfigure.restdocs.RestDocsTestExecutionListener, org.springframework.boot.test.autoconfigure.web.client.MockRestServiceServerResetTestExecutionListener, org.springframework.boot.test.autoconfigure.web.servlet.MockMvcPrintOnlyOnFailureTestExecutionListener, org.springframework.boot.test.autoconfigure.web.servlet.WebDriverTestExecutionListener, org.springframework.boot.test.autoconfigure.webservices.client.MockWebServiceServerTestExecutionListener, org.springframework.boot.test.mock.mockito.MockitoTestExecutionListener, org.springframework.boot.test.mock.mockito.ResetMocksTestExecutionListener, org.springframework.test.context.web.ServletTestExecutionListener, org.springframework.test.context.support.DirtiesContextBeforeModesTestExecutionListener, org.springframework.test.context.event.ApplicationEventsTestExecutionListener, org.springframework.test.context.support.DependencyInjectionTestExecutionListener, org.springframework.test.context.support.DirtiesContextTestExecutionListener, org.springframework.test.context.transaction.TransactionalTestExecutionListener, org.springframework.test.context.jdbc.SqlScriptsTestExecutionListener, org.springframework.test.context.event.EventPublishingTestExecutionListener]
23:12:34.471 [Test worker] DEBUG org.springframework.boot.test.context.SpringBootTestContextBootstrapper - Skipping candidate TestExecutionListener [org.springframework.test.context.transaction.TransactionalTestExecutionListener] due to a missing dependency. Specify custom listener classes or make the default listener classes and their required dependencies available. Offending class: [org/springframework/transaction/interceptor/TransactionAttributeSource]
23:12:34.472 [Test worker] DEBUG org.springframework.boot.test.context.SpringBootTestContextBootstrapper - Skipping candidate TestExecutionListener [org.springframework.test.context.jdbc.SqlScriptsTestExecutionListener] due to a missing dependency. Specify custom listener classes or make the default listener classes and their required dependencies available. Offending class: [org/springframework/transaction/interceptor/TransactionAttribute]
23:12:34.472 [Test worker] INFO org.springframework.boot.test.context.SpringBootTestContextBootstrapper - Using TestExecutionListeners: [org.springframework.test.context.web.ServletTestExecutionListener@4b00a840, org.springframework.test.context.support.DirtiesContextBeforeModesTestExecutionListener@443ab2ab, org.springframework.test.context.event.ApplicationEventsTestExecutionListener@58d74173, org.springframework.boot.test.mock.mockito.MockitoTestExecutionListener@3a88e74, org.springframework.boot.test.autoconfigure.SpringBootDependencyInjectionTestExecutionListener@4d2464e9, org.springframework.test.context.support.DirtiesContextTestExecutionListener@5c1a380c, org.springframework.test.context.event.EventPublishingTestExecutionListener@3ea43625, org.springframework.boot.test.autoconfigure.restdocs.RestDocsTestExecutionListener@7938c4ab, org.springframework.boot.test.autoconfigure.web.client.MockRestServiceServerResetTestExecutionListener@17d5e449, org.springframework.boot.test.autoconfigure.web.servlet.MockMvcPrintOnlyOnFailureTestExecutionListener@1a8274e7, org.springframework.boot.test.autoconfigure.web.servlet.WebDriverTestExecutionListener@5887c8c, org.springframework.boot.test.autoconfigure.webservices.client.MockWebServiceServerTestExecutionListener@3a2afd0a, org.springframework.boot.test.mock.mockito.ResetMocksTestExecutionListener@2e5b1aa]
23:12:34.475 [Test worker] DEBUG org.springframework.test.context.support.AbstractDirtiesContextTestExecutionListener - Before test class: context [DefaultTestContext@539bec5 testClass = BuckyBackendApplicationTests, testInstance = [null], testMethod = [null], testException = [null], mergedContextConfiguration = [WebMergedContextConfiguration@268ca91a testClass = BuckyBackendApplicationTests, locations = '{}', classes = '{class dev.buckybackend.BuckyBackendApplication}', contextInitializerClasses = '[]', activeProfiles = '{}', propertySourceLocations = '{}', propertySourceProperties = '{org.springframework.boot.test.context.SpringBootTestContextBootstrapper=true}', contextCustomizers = set[org.springframework.boot.test.autoconfigure.actuate.metrics.MetricsExportContextCustomizerFactory$DisableMetricExportContextCustomizer@2e81bcfe, org.springframework.boot.test.autoconfigure.properties.PropertyMappingContextCustomizer@0, org.springframework.boot.test.autoconfigure.web.servlet.WebDriverContextCustomizerFactory$Customizer@1b41525c, org.springframework.boot.test.context.filter.ExcludeFilterContextCustomizer@7c0e011e, org.springframework.boot.test.json.DuplicateJsonObjectContextCustomizerFactory$DuplicateJsonObjectContextCustomizer@8d30b86, org.springframework.boot.test.mock.mockito.MockitoContextCustomizer@0, org.springframework.boot.test.web.client.TestRestTemplateContextCustomizer@24ac7c82, org.springframework.boot.test.context.SpringBootTestArgs@1, org.springframework.boot.test.context.SpringBootTestWebEnvironment@7c42ef60], resourceBasePath = 'src/main/webapp', contextLoader = 'org.springframework.boot.test.context.SpringBootContextLoader', parent = [null]], attributes = map['org.springframework.test.context.web.ServletTestExecutionListener.activateListener' -> true]], class annotated with @DirtiesContext [false] with mode [null].
23:12:34.526 [Test worker] DEBUG org.springframework.test.context.support.TestPropertySourceUtils - Adding inlined properties to environment: {spring.jmx.enabled=false, org.springframework.boot.test.context.SpringBootTestContextBootstrapper=true}

  .   ____          _            __ _ _
 /\\ / ___'_ __ _ _(_)_ __  __ _ \ \ \ \
( ( )\___ | '_ | '_| | '_ \/ _` | \ \ \ \
 \\/  ___)| |_)| | | | | || (_| |  ) ) ) )
  '  |____| .__|_| |_|_| |_\__, | / / / /
 =========|_|==============|___/=/_/_/_/
 :: Spring Boot ::                (v2.5.0)

2021-05-21 23:12:35.043  INFO 3195 --- [    Test worker] d.b.BuckyBackendApplicationTests         : Starting BuckyBackendApplicationTests using Java 11.0.2 on harvyui-Macmini.local with PID 3195 (started by harvy in /Users/harvy/Desktop/ex)
2021-05-21 23:12:35.052  INFO 3195 --- [    Test worker] d.b.BuckyBackendApplicationTests         : No active profile set, falling back to default profiles: default
2021-05-21 23:12:37.563  INFO 3195 --- [    Test worker] d.b.BuckyBackendApplicationTests         : Started BuckyBackendApplicationTests in 3.021 seconds (JVM running for 4.654)
2021-05-21 23:12:37.568  INFO 3195 --- [    Test worker] o.s.b.a.ApplicationAvailabilityBean      : Application availability state LivenessState changed to CORRECT
2021-05-21 23:12:37.575  INFO 3195 --- [    Test worker] o.s.b.a.ApplicationAvailabilityBean      : Application availability state ReadinessState changed to ACCEPTING_TRAFFIC
]]></system-out>
  <system-err><![CDATA[]]></system-err>
</testsuite>
